<?xml version="1.0" encoding="UTF-8"?>
<!-- Generated by org.testng.reporters.JUnitReportReporter -->
<testsuite skipped="0" hostname="Jay-PC" name="com.HRM.TestCases.TC_Login_Test_001" tests="1" failures="0" timestamp="2019-11-18T02:21:56 CST" time="7.794" errors="0">
  <testcase name="TC_001_Login_Test" time="7.794" classname="com.HRM.TestCases.TC_Login_Test_001"/>
</testsuite> <!-- com.HRM.TestCases.TC_Login_Test_001 -->
